[debug] [2020-11-05T21:28:17.720Z] ----------------------------------------------------------------------
[debug] [2020-11-05T21:28:17.723Z] Command:       /usr/local/bin/node /usr/local/bin/firebase deploy --only functions
[debug] [2020-11-05T21:28:17.723Z] CLI Version:   8.7.0
[debug] [2020-11-05T21:28:17.724Z] Platform:      darwin
[debug] [2020-11-05T21:28:17.724Z] Node Version:  v10.15.3
[debug] [2020-11-05T21:28:17.725Z] Time:          Fri Nov 06 2020 00:28:17 GMT+0300 (GMT+03:00)
[debug] [2020-11-05T21:28:17.725Z] ----------------------------------------------------------------------
[debug] [2020-11-05T21:28:17.725Z] 
[debug] [2020-11-05T21:28:17.740Z] > command requires scopes: ["email","openid","https://www.googleapis.com/auth/cloudplatformprojects.readonly","https://www.googleapis.com/auth/firebase","https://www.googleapis.com/auth/cloud-platform"]
[debug] [2020-11-05T21:28:17.740Z] > authorizing via signed-in user
[debug] [2020-11-05T21:28:17.741Z] [iam] checking project aum-app for permissions ["cloudfunctions.functions.create","cloudfunctions.functions.delete","cloudfunctions.functions.get","cloudfunctions.functions.list","cloudfunctions.functions.update","cloudfunctions.operations.get","firebase.projects.get"]
[debug] [2020-11-05T21:28:17.746Z] >>> HTTP REQUEST POST https://cloudresourcemanager.googleapis.com/v1/projects/aum-app:testIamPermissions  
 {"permissions":["cloudfunctions.functions.create","cloudfunctions.functions.delete","cloudfunctions.functions.get","cloudfunctions.functions.list","cloudfunctions.functions.update","cloudfunctions.operations.get","firebase.projects.get"]}
[debug] [2020-11-05T21:28:18.788Z] <<< HTTP RESPONSE 200 {"content-type":"application/json; charset=UTF-8","vary":"X-Origin, Referer, Origin,Accept-Encoding","date":"Thu, 05 Nov 2020 21:28:18 GMT","server":"ESF","cache-control":"private","x-xss-protection":"0","x-frame-options":"SAMEORIGIN","x-content-type-options":"nosniff","server-timing":"gfet4t7; dur=811","alt-svc":"h3-Q050=\":443\"; ma=2592000,h3-29=\":443\"; ma=2592000,h3-T051=\":443\"; ma=2592000,h3-T050=\":443\"; ma=2592000,h3-Q046=\":443\"; ma=2592000,h3-Q043=\":443\"; ma=2592000,quic=\":443\"; ma=2592000; v=\"46,43\"","accept-ranges":"none","transfer-encoding":"chunked"}
[debug] [2020-11-05T21:28:18.791Z] >>> HTTP REQUEST POST https://iam.googleapis.com/v1/projects/aum-app/serviceAccounts/aum-app@appspot.gserviceaccount.com:testIamPermissions  
 {"permissions":["iam.serviceAccounts.actAs"]}
[debug] [2020-11-05T21:28:19.747Z] <<< HTTP RESPONSE 200 {"content-type":"application/json; charset=UTF-8","vary":"X-Origin, Referer, Origin,Accept-Encoding","date":"Thu, 05 Nov 2020 21:28:19 GMT","server":"ESF","cache-control":"private","x-xss-protection":"0","x-frame-options":"SAMEORIGIN","x-content-type-options":"nosniff","alt-svc":"h3-Q050=\":443\"; ma=2592000,h3-29=\":443\"; ma=2592000,h3-T051=\":443\"; ma=2592000,h3-T050=\":443\"; ma=2592000,h3-Q046=\":443\"; ma=2592000,h3-Q043=\":443\"; ma=2592000,quic=\":443\"; ma=2592000; v=\"46,43\"","accept-ranges":"none","transfer-encoding":"chunked"}
[info] 
[info] === Deploying to 'aum-app'...
[info] 
[info] i  deploying functions 
[info] Running command: npm --prefix "$RESOURCE_DIR" run lint
[info] ✔  functions: Finished running predeploy script. 
[debug] [2020-11-05T21:28:28.042Z] > [functions] package.json contents: {
  "name": "aum_app_api",
  "description": "AumApp API services. Cloud Functions for Firebase",
  "scripts": {
    "lint": "./node_modules/.bin/tslint -p tsconfig.json",
    "build": "./node_modules/.bin/tsc",
    "serve": "npm run build && firebase serve --only functions",
    "shell": "npm run build && firebase experimental:functions:shell",
    "start": "npm run shell",
    "deploy": "npm run build && npm run deploy:functions && npm run deploy:triggers",
    "deploy:functions": "firebase deploy --only functions",
    "deploy:triggers": "gcloud functions deploy handle_user_asana_img_upload --runtime nodejs10 --trigger-resource aum-app-images --trigger-event google.storage.object.finalize",
    "logs": "firebase functions:log",
    "dev": "npm run build && firebase emulators:start --only functions"
  },
  "engines": {
    "node": "10"
  },
  "main": "lib/index.js",
  "dependencies": {
    "@google-cloud/storage": "4.7.0",
    "@tensorflow-models/posenet": "2.2.1",
    "@tensorflow/tfjs-node": "2.0.1",
    "canvas": "2.6.1",
    "firebase-admin": "^8.10.0",
    "firebase-functions": "^3.6.1",
    "uid": "^1.0.0"
  },
  "devDependencies": {
    "@types/express": "^4.17.2",
    "@types/webgl2": "0.0.5",
    "eslint": "^5.12.0",
    "eslint-plugin-promise": "^4.0.1",
    "firebase-functions-test": "^0.2.0",
    "tslint": "^6.0.0",
    "typescript": "^3.8.2"
  },
  "private": true
}
[info] i  functions: ensuring required API cloudfunctions.googleapis.com is enabled... 
[info] i  functions: ensuring required API cloudbuild.googleapis.com is enabled... 
[debug] [2020-11-05T21:28:29.752Z] >>> HTTP REQUEST GET https://serviceusage.googleapis.com/v1/projects/aum-app/services/cloudfunctions.googleapis.com  
 
[debug] [2020-11-05T21:28:29.753Z] >>> HTTP REQUEST GET https://serviceusage.googleapis.com/v1/projects/aum-app/services/runtimeconfig.googleapis.com  
 
[debug] [2020-11-05T21:28:29.753Z] >>> HTTP REQUEST GET https://serviceusage.googleapis.com/v1/projects/aum-app/services/cloudbuild.googleapis.com  
 
[debug] [2020-11-05T21:28:31.001Z] <<< HTTP RESPONSE 200 {"content-type":"application/json; charset=UTF-8","vary":"X-Origin, Referer, Origin,Accept-Encoding","date":"Thu, 05 Nov 2020 21:28:30 GMT","server":"ESF","cache-control":"private","x-xss-protection":"0","x-frame-options":"SAMEORIGIN","x-content-type-options":"nosniff","alt-svc":"h3-Q050=\":443\"; ma=2592000,h3-29=\":443\"; ma=2592000,h3-T051=\":443\"; ma=2592000,h3-T050=\":443\"; ma=2592000,h3-Q046=\":443\"; ma=2592000,h3-Q043=\":443\"; ma=2592000,quic=\":443\"; ma=2592000; v=\"46,43\"","accept-ranges":"none","transfer-encoding":"chunked"}
[debug] [2020-11-05T21:28:31.008Z] <<< HTTP RESPONSE 200 {"content-type":"application/json; charset=UTF-8","vary":"X-Origin, Referer, Origin,Accept-Encoding","date":"Thu, 05 Nov 2020 21:28:30 GMT","server":"ESF","cache-control":"private","x-xss-protection":"0","x-frame-options":"SAMEORIGIN","x-content-type-options":"nosniff","alt-svc":"h3-Q050=\":443\"; ma=2592000,h3-29=\":443\"; ma=2592000,h3-T051=\":443\"; ma=2592000,h3-T050=\":443\"; ma=2592000,h3-Q046=\":443\"; ma=2592000,h3-Q043=\":443\"; ma=2592000,quic=\":443\"; ma=2592000; v=\"46,43\"","accept-ranges":"none","transfer-encoding":"chunked"}
[info] ✔  functions: required API cloudbuild.googleapis.com is enabled 
[debug] [2020-11-05T21:28:31.076Z] <<< HTTP RESPONSE 200 {"content-type":"application/json; charset=UTF-8","vary":"X-Origin, Referer, Origin,Accept-Encoding","date":"Thu, 05 Nov 2020 21:28:30 GMT","server":"ESF","cache-control":"private","x-xss-protection":"0","x-frame-options":"SAMEORIGIN","x-content-type-options":"nosniff","alt-svc":"h3-Q050=\":443\"; ma=2592000,h3-29=\":443\"; ma=2592000,h3-T051=\":443\"; ma=2592000,h3-T050=\":443\"; ma=2592000,h3-Q046=\":443\"; ma=2592000,h3-Q043=\":443\"; ma=2592000,quic=\":443\"; ma=2592000; v=\"46,43\"","accept-ranges":"none","transfer-encoding":"chunked"}
[info] ✔  functions: required API cloudfunctions.googleapis.com is enabled 
[debug] [2020-11-05T21:28:31.077Z] >>> HTTP REQUEST GET https://firebase.googleapis.com/v1beta1/projects/aum-app/adminSdkConfig  
 
[debug] [2020-11-05T21:28:31.559Z] <<< HTTP RESPONSE 200 {"content-type":"application/json; charset=UTF-8","vary":"X-Origin, Referer, Origin,Accept-Encoding","date":"Thu, 05 Nov 2020 21:28:31 GMT","server":"ESF","cache-control":"private","x-xss-protection":"0","x-frame-options":"SAMEORIGIN","x-content-type-options":"nosniff","alt-svc":"h3-Q050=\":443\"; ma=2592000,h3-29=\":443\"; ma=2592000,h3-T051=\":443\"; ma=2592000,h3-T050=\":443\"; ma=2592000,h3-Q046=\":443\"; ma=2592000,h3-Q043=\":443\"; ma=2592000,quic=\":443\"; ma=2592000; v=\"46,43\"","accept-ranges":"none","transfer-encoding":"chunked"}
[info] i  functions: preparing functions directory for uploading... 
[debug] [2020-11-05T21:28:31.562Z] >>> HTTP REQUEST GET https://runtimeconfig.googleapis.com/v1beta1/projects/aum-app/configs  
 
[debug] [2020-11-05T21:28:33.427Z] <<< HTTP RESPONSE 200 {"content-type":"application/json; charset=UTF-8","vary":"X-Origin, Referer, Origin,Accept-Encoding","date":"Thu, 05 Nov 2020 21:28:33 GMT","server":"ESF","cache-control":"private","x-xss-protection":"0","x-frame-options":"SAMEORIGIN","x-content-type-options":"nosniff","alt-svc":"h3-Q050=\":443\"; ma=2592000,h3-29=\":443\"; ma=2592000,h3-T051=\":443\"; ma=2592000,h3-T050=\":443\"; ma=2592000,h3-Q046=\":443\"; ma=2592000,h3-Q043=\":443\"; ma=2592000,quic=\":443\"; ma=2592000; v=\"46,43\"","accept-ranges":"none","transfer-encoding":"chunked"}
[info] i  functions: packaged functions (135.92 KB) for uploading 
[debug] [2020-11-05T21:28:34.510Z] >>> HTTP REQUEST GET https://cloudfunctions.googleapis.com/v1/projects/aum-app/locations/-/functions  
 
[debug] [2020-11-05T21:28:35.427Z] <<< HTTP RESPONSE 200 {"content-type":"application/json; charset=UTF-8","vary":"X-Origin, Referer, Origin,Accept-Encoding","date":"Thu, 05 Nov 2020 21:28:35 GMT","server":"ESF","cache-control":"private","x-xss-protection":"0","x-frame-options":"SAMEORIGIN","x-content-type-options":"nosniff","alt-svc":"h3-Q050=\":443\"; ma=2592000,h3-29=\":443\"; ma=2592000,h3-T051=\":443\"; ma=2592000,h3-T050=\":443\"; ma=2592000,h3-Q046=\":443\"; ma=2592000,h3-Q043=\":443\"; ma=2592000,quic=\":443\"; ma=2592000; v=\"46,43\"","accept-ranges":"none","transfer-encoding":"chunked"}
[debug] [2020-11-05T21:28:35.432Z] >>> HTTP REQUEST POST https://cloudfunctions.googleapis.com/v1/projects/aum-app/locations/us-central1/functions:generateUploadUrl  
 
[debug] [2020-11-05T21:28:36.376Z] <<< HTTP RESPONSE 200 {"content-type":"application/json; charset=UTF-8","vary":"X-Origin, Referer, Origin,Accept-Encoding","date":"Thu, 05 Nov 2020 21:28:36 GMT","server":"ESF","cache-control":"private","x-xss-protection":"0","x-frame-options":"SAMEORIGIN","x-content-type-options":"nosniff","alt-svc":"h3-Q050=\":443\"; ma=2592000,h3-29=\":443\"; ma=2592000,h3-T051=\":443\"; ma=2592000,h3-T050=\":443\"; ma=2592000,h3-Q046=\":443\"; ma=2592000,h3-Q043=\":443\"; ma=2592000,quic=\":443\"; ma=2592000; v=\"46,43\"","accept-ranges":"none","transfer-encoding":"chunked"}
[debug] [2020-11-05T21:28:36.377Z] >>> HTTP REQUEST PUT https://storage.googleapis.com/gcf-upload-us-central1-3703a3d5-bf11-4e0e-8218-fab890488a28/4827d7f7-e3bc-4eef-be92-7422206b0c47.zip?GoogleAccessId=service-144052208037@gcf-admin-robot.iam.gserviceaccount.com&Expires=1604613516&Signature=utrqAveyeZT06XUp%2F%2FT%2FpZKV%2FYHaG91vJliZgm6%2FFSDzhvNz4Gf%2By79mdF%2FT854nuN%2FWfml%2BDvegBo%2Fj8CTWATrx%2Bf6CNLfmRIp1Wh5LHXjdPQVi4YSXOobgoWjNeZltfkB5a7ljBHONZYxxP%2F%2BpAL1iY67ZJfxPGyD%2FLmkAPLJg2%2BAMa2aXTFzkY1aoUv9fiIJBkAwdm%2FD3dPnV1CzMLs1yfaWpzdMcv8dWAAMgCFLxnCMFe%2BshOeoeoS3zMBHl7eMWRWe%2Bo7ah7uAuLnjpJm8UvdZziyCTFmCbaxJtbWJSmbWLoc%2FmtFGMLKKnjub8wq25%2Bg%2BaPIsmHJfmKUJviw%3D%3D  
 <request body omitted>
[debug] [2020-11-05T21:28:37.284Z] <<< HTTP RESPONSE 200 {"x-guploader-uploadid":"ABg5-Uz3UfK79WKNplmcMq72bW8hUmWdOV1vLK2lXN5GbaMI9xiePTgEmtDatBeoK1oi2O91Gcy_mY1vo9Z_8kxJ7dc","etag":"\"0e70c3c0c248cd02e659734d4241e4c0\"","x-goog-generation":"1604611717192586","x-goog-metageneration":"1","x-goog-hash":"crc32c=nSEV6w==, md5=DnDDwMJIzQLmWXNNQkHkwA==","x-goog-stored-content-length":"139186","x-goog-stored-content-encoding":"identity","vary":"Origin","content-length":"0","date":"Thu, 05 Nov 2020 21:28:37 GMT","server":"UploadServer","content-type":"text/html; charset=UTF-8","alt-svc":"h3-Q050=\":443\"; ma=2592000,h3-29=\":443\"; ma=2592000,h3-T051=\":443\"; ma=2592000,h3-T050=\":443\"; ma=2592000,h3-Q046=\":443\"; ma=2592000,h3-Q043=\":443\"; ma=2592000,quic=\":443\"; ma=2592000; v=\"46,43\""}
[info] ✔  functions: functions folder uploaded successfully 
[info] i  functions: updating Node.js 10 function handle_user_asana_img_upload(us-central1)... 
[debug] [2020-11-05T21:28:37.290Z] Trigger is:  {"eventTrigger":{"resource":"projects/_/buckets/aum-app.appspot.com","eventType":"google.storage.object.finalize","service":"storage.googleapis.com"}}
[info] i  functions: updating Node.js 10 function create_user(us-central1)... 
[debug] [2020-11-05T21:28:37.291Z] Trigger is:  {"eventTrigger":{"resource":"projects/aum-app","eventType":"providers/firebase.auth/eventTypes/user.create","service":"firebaseauth.googleapis.com"}}
[info] i  functions: updating Node.js 10 function get_practice_preview(us-central1)... 
[debug] [2020-11-05T21:28:37.291Z] Trigger is:  {"httpsTrigger":{}}
[info] i  functions: updating Node.js 10 function get_asana_queue(us-central1)... 
[debug] [2020-11-05T21:28:37.292Z] Trigger is:  {"httpsTrigger":{}}
[info] i  functions: updating Node.js 10 function add_session_result(us-central1)... 
[debug] [2020-11-05T21:28:37.292Z] Trigger is:  {"httpsTrigger":{}}
[info] i  functions: updating Node.js 10 function get_user(us-central1)... 
[debug] [2020-11-05T21:28:37.293Z] Trigger is:  {"httpsTrigger":{}}
[info] i  functions: updating Node.js 10 function update_user(us-central1)... 
[debug] [2020-11-05T21:28:37.293Z] Trigger is:  {"httpsTrigger":{}}
[info] i  functions: updating Node.js 10 function rules_deploy(us-central1)... 
[debug] [2020-11-05T21:28:37.294Z] Trigger is:  {"httpsTrigger":{}}
[debug] [2020-11-05T21:28:37.301Z] >>> HTTP REQUEST PATCH https://cloudfunctions.googleapis.com/v1/projects/aum-app/locations/us-central1/functions/handle_user_asana_img_upload {"updateMask":"sourceUploadUrl,name,labels,runtime,environmentVariables,eventTrigger.resource,eventTrigger.eventType,eventTrigger.service"} 
 {"sourceUploadUrl":"https://storage.googleapis.com/gcf-upload-us-central1-3703a3d5-bf11-4e0e-8218-fab890488a28/4827d7f7-e3bc-4eef-be92-7422206b0c47.zip?GoogleAccessId=service-144052208037@gcf-admin-robot.iam.gserviceaccount.com&Expires=1604613516&Signature=utrqAveyeZT06XUp%2F%2FT%2FpZKV%2FYHaG91vJliZgm6%2FFSDzhvNz4Gf%2By79mdF%2FT854nuN%2FWfml%2BDvegBo%2Fj8CTWATrx%2Bf6CNLfmRIp1Wh5LHXjdPQVi4YSXOobgoWjNeZltfkB5a7ljBHONZYxxP%2F%2BpAL1iY67ZJfxPGyD%2FLmkAPLJg2%2BAMa2aXTFzkY1aoUv9fiIJBkAwdm%2FD3dPnV1CzMLs1yfaWpzdMcv8dWAAMgCFLxnCMFe%2BshOeoeoS3zMBHl7eMWRWe%2Bo7ah7uAuLnjpJm8UvdZziyCTFmCbaxJtbWJSmbWLoc%2FmtFGMLKKnjub8wq25%2Bg%2BaPIsmHJfmKUJviw%3D%3D","name":"projects/aum-app/locations/us-central1/functions/handle_user_asana_img_upload","labels":{"deployment-tool":"cli-firebase"},"eventTrigger":{"resource":"projects/_/buckets/aum-app.appspot.com","eventType":"google.storage.object.finalize","service":"storage.googleapis.com"},"runtime":"nodejs10","environmentVariables":{"FIREBASE_CONFIG":"{\"projectId\":\"aum-app\",\"databaseURL\":\"https://aum-app.firebaseio.com\",\"storageBucket\":\"aum-app.appspot.com\",\"locationId\":\"europe-west\"}"}}
[debug] [2020-11-05T21:28:37.303Z] >>> HTTP REQUEST PATCH https://cloudfunctions.googleapis.com/v1/projects/aum-app/locations/us-central1/functions/create_user {"updateMask":"sourceUploadUrl,name,labels,runtime,environmentVariables,eventTrigger.resource,eventTrigger.eventType,eventTrigger.service"} 
 {"sourceUploadUrl":"https://storage.googleapis.com/gcf-upload-us-central1-3703a3d5-bf11-4e0e-8218-fab890488a28/4827d7f7-e3bc-4eef-be92-7422206b0c47.zip?GoogleAccessId=service-144052208037@gcf-admin-robot.iam.gserviceaccount.com&Expires=1604613516&Signature=utrqAveyeZT06XUp%2F%2FT%2FpZKV%2FYHaG91vJliZgm6%2FFSDzhvNz4Gf%2By79mdF%2FT854nuN%2FWfml%2BDvegBo%2Fj8CTWATrx%2Bf6CNLfmRIp1Wh5LHXjdPQVi4YSXOobgoWjNeZltfkB5a7ljBHONZYxxP%2F%2BpAL1iY67ZJfxPGyD%2FLmkAPLJg2%2BAMa2aXTFzkY1aoUv9fiIJBkAwdm%2FD3dPnV1CzMLs1yfaWpzdMcv8dWAAMgCFLxnCMFe%2BshOeoeoS3zMBHl7eMWRWe%2Bo7ah7uAuLnjpJm8UvdZziyCTFmCbaxJtbWJSmbWLoc%2FmtFGMLKKnjub8wq25%2Bg%2BaPIsmHJfmKUJviw%3D%3D","name":"projects/aum-app/locations/us-central1/functions/create_user","labels":{"deployment-tool":"cli-firebase"},"eventTrigger":{"resource":"projects/aum-app","eventType":"providers/firebase.auth/eventTypes/user.create","service":"firebaseauth.googleapis.com"},"runtime":"nodejs10","environmentVariables":{"FIREBASE_CONFIG":"{\"projectId\":\"aum-app\",\"databaseURL\":\"https://aum-app.firebaseio.com\",\"storageBucket\":\"aum-app.appspot.com\",\"locationId\":\"europe-west\"}"}}
[debug] [2020-11-05T21:28:37.304Z] >>> HTTP REQUEST PATCH https://cloudfunctions.googleapis.com/v1/projects/aum-app/locations/us-central1/functions/get_practice_preview {"updateMask":"sourceUploadUrl,name,labels,runtime,environmentVariables,httpsTrigger"} 
 {"sourceUploadUrl":"https://storage.googleapis.com/gcf-upload-us-central1-3703a3d5-bf11-4e0e-8218-fab890488a28/4827d7f7-e3bc-4eef-be92-7422206b0c47.zip?GoogleAccessId=service-144052208037@gcf-admin-robot.iam.gserviceaccount.com&Expires=1604613516&Signature=utrqAveyeZT06XUp%2F%2FT%2FpZKV%2FYHaG91vJliZgm6%2FFSDzhvNz4Gf%2By79mdF%2FT854nuN%2FWfml%2BDvegBo%2Fj8CTWATrx%2Bf6CNLfmRIp1Wh5LHXjdPQVi4YSXOobgoWjNeZltfkB5a7ljBHONZYxxP%2F%2BpAL1iY67ZJfxPGyD%2FLmkAPLJg2%2BAMa2aXTFzkY1aoUv9fiIJBkAwdm%2FD3dPnV1CzMLs1yfaWpzdMcv8dWAAMgCFLxnCMFe%2BshOeoeoS3zMBHl7eMWRWe%2Bo7ah7uAuLnjpJm8UvdZziyCTFmCbaxJtbWJSmbWLoc%2FmtFGMLKKnjub8wq25%2Bg%2BaPIsmHJfmKUJviw%3D%3D","name":"projects/aum-app/locations/us-central1/functions/get_practice_preview","labels":{"deployment-tool":"cli-firebase"},"httpsTrigger":{},"runtime":"nodejs10","environmentVariables":{"FIREBASE_CONFIG":"{\"projectId\":\"aum-app\",\"databaseURL\":\"https://aum-app.firebaseio.com\",\"storageBucket\":\"aum-app.appspot.com\",\"locationId\":\"europe-west\"}"}}
[debug] [2020-11-05T21:28:37.305Z] >>> HTTP REQUEST PATCH https://cloudfunctions.googleapis.com/v1/projects/aum-app/locations/us-central1/functions/get_asana_queue {"updateMask":"sourceUploadUrl,name,labels,runtime,environmentVariables,httpsTrigger"} 
 {"sourceUploadUrl":"https://storage.googleapis.com/gcf-upload-us-central1-3703a3d5-bf11-4e0e-8218-fab890488a28/4827d7f7-e3bc-4eef-be92-7422206b0c47.zip?GoogleAccessId=service-144052208037@gcf-admin-robot.iam.gserviceaccount.com&Expires=1604613516&Signature=utrqAveyeZT06XUp%2F%2FT%2FpZKV%2FYHaG91vJliZgm6%2FFSDzhvNz4Gf%2By79mdF%2FT854nuN%2FWfml%2BDvegBo%2Fj8CTWATrx%2Bf6CNLfmRIp1Wh5LHXjdPQVi4YSXOobgoWjNeZltfkB5a7ljBHONZYxxP%2F%2BpAL1iY67ZJfxPGyD%2FLmkAPLJg2%2BAMa2aXTFzkY1aoUv9fiIJBkAwdm%2FD3dPnV1CzMLs1yfaWpzdMcv8dWAAMgCFLxnCMFe%2BshOeoeoS3zMBHl7eMWRWe%2Bo7ah7uAuLnjpJm8UvdZziyCTFmCbaxJtbWJSmbWLoc%2FmtFGMLKKnjub8wq25%2Bg%2BaPIsmHJfmKUJviw%3D%3D","name":"projects/aum-app/locations/us-central1/functions/get_asana_queue","labels":{"deployment-tool":"cli-firebase"},"httpsTrigger":{},"runtime":"nodejs10","environmentVariables":{"FIREBASE_CONFIG":"{\"projectId\":\"aum-app\",\"databaseURL\":\"https://aum-app.firebaseio.com\",\"storageBucket\":\"aum-app.appspot.com\",\"locationId\":\"europe-west\"}"}}
[debug] [2020-11-05T21:28:37.306Z] >>> HTTP REQUEST PATCH https://cloudfunctions.googleapis.com/v1/projects/aum-app/locations/us-central1/functions/add_session_result {"updateMask":"sourceUploadUrl,name,labels,runtime,environmentVariables,httpsTrigger"} 
 {"sourceUploadUrl":"https://storage.googleapis.com/gcf-upload-us-central1-3703a3d5-bf11-4e0e-8218-fab890488a28/4827d7f7-e3bc-4eef-be92-7422206b0c47.zip?GoogleAccessId=service-144052208037@gcf-admin-robot.iam.gserviceaccount.com&Expires=1604613516&Signature=utrqAveyeZT06XUp%2F%2FT%2FpZKV%2FYHaG91vJliZgm6%2FFSDzhvNz4Gf%2By79mdF%2FT854nuN%2FWfml%2BDvegBo%2Fj8CTWATrx%2Bf6CNLfmRIp1Wh5LHXjdPQVi4YSXOobgoWjNeZltfkB5a7ljBHONZYxxP%2F%2BpAL1iY67ZJfxPGyD%2FLmkAPLJg2%2BAMa2aXTFzkY1aoUv9fiIJBkAwdm%2FD3dPnV1CzMLs1yfaWpzdMcv8dWAAMgCFLxnCMFe%2BshOeoeoS3zMBHl7eMWRWe%2Bo7ah7uAuLnjpJm8UvdZziyCTFmCbaxJtbWJSmbWLoc%2FmtFGMLKKnjub8wq25%2Bg%2BaPIsmHJfmKUJviw%3D%3D","name":"projects/aum-app/locations/us-central1/functions/add_session_result","labels":{"deployment-tool":"cli-firebase"},"httpsTrigger":{},"runtime":"nodejs10","environmentVariables":{"FIREBASE_CONFIG":"{\"projectId\":\"aum-app\",\"databaseURL\":\"https://aum-app.firebaseio.com\",\"storageBucket\":\"aum-app.appspot.com\",\"locationId\":\"europe-west\"}"}}
[debug] [2020-11-05T21:28:37.307Z] >>> HTTP REQUEST PATCH https://cloudfunctions.googleapis.com/v1/projects/aum-app/locations/us-central1/functions/get_user {"updateMask":"sourceUploadUrl,name,labels,runtime,environmentVariables,httpsTrigger"} 
 {"sourceUploadUrl":"https://storage.googleapis.com/gcf-upload-us-central1-3703a3d5-bf11-4e0e-8218-fab890488a28/4827d7f7-e3bc-4eef-be92-7422206b0c47.zip?GoogleAccessId=service-144052208037@gcf-admin-robot.iam.gserviceaccount.com&Expires=1604613516&Signature=utrqAveyeZT06XUp%2F%2FT%2FpZKV%2FYHaG91vJliZgm6%2FFSDzhvNz4Gf%2By79mdF%2FT854nuN%2FWfml%2BDvegBo%2Fj8CTWATrx%2Bf6CNLfmRIp1Wh5LHXjdPQVi4YSXOobgoWjNeZltfkB5a7ljBHONZYxxP%2F%2BpAL1iY67ZJfxPGyD%2FLmkAPLJg2%2BAMa2aXTFzkY1aoUv9fiIJBkAwdm%2FD3dPnV1CzMLs1yfaWpzdMcv8dWAAMgCFLxnCMFe%2BshOeoeoS3zMBHl7eMWRWe%2Bo7ah7uAuLnjpJm8UvdZziyCTFmCbaxJtbWJSmbWLoc%2FmtFGMLKKnjub8wq25%2Bg%2BaPIsmHJfmKUJviw%3D%3D","name":"projects/aum-app/locations/us-central1/functions/get_user","labels":{"deployment-tool":"cli-firebase"},"httpsTrigger":{},"runtime":"nodejs10","environmentVariables":{"FIREBASE_CONFIG":"{\"projectId\":\"aum-app\",\"databaseURL\":\"https://aum-app.firebaseio.com\",\"storageBucket\":\"aum-app.appspot.com\",\"locationId\":\"europe-west\"}"}}
[debug] [2020-11-05T21:28:37.307Z] >>> HTTP REQUEST PATCH https://cloudfunctions.googleapis.com/v1/projects/aum-app/locations/us-central1/functions/update_user {"updateMask":"sourceUploadUrl,name,labels,runtime,environmentVariables,httpsTrigger"} 
 {"sourceUploadUrl":"https://storage.googleapis.com/gcf-upload-us-central1-3703a3d5-bf11-4e0e-8218-fab890488a28/4827d7f7-e3bc-4eef-be92-7422206b0c47.zip?GoogleAccessId=service-144052208037@gcf-admin-robot.iam.gserviceaccount.com&Expires=1604613516&Signature=utrqAveyeZT06XUp%2F%2FT%2FpZKV%2FYHaG91vJliZgm6%2FFSDzhvNz4Gf%2By79mdF%2FT854nuN%2FWfml%2BDvegBo%2Fj8CTWATrx%2Bf6CNLfmRIp1Wh5LHXjdPQVi4YSXOobgoWjNeZltfkB5a7ljBHONZYxxP%2F%2BpAL1iY67ZJfxPGyD%2FLmkAPLJg2%2BAMa2aXTFzkY1aoUv9fiIJBkAwdm%2FD3dPnV1CzMLs1yfaWpzdMcv8dWAAMgCFLxnCMFe%2BshOeoeoS3zMBHl7eMWRWe%2Bo7ah7uAuLnjpJm8UvdZziyCTFmCbaxJtbWJSmbWLoc%2FmtFGMLKKnjub8wq25%2Bg%2BaPIsmHJfmKUJviw%3D%3D","name":"projects/aum-app/locations/us-central1/functions/update_user","labels":{"deployment-tool":"cli-firebase"},"httpsTrigger":{},"runtime":"nodejs10","environmentVariables":{"FIREBASE_CONFIG":"{\"projectId\":\"aum-app\",\"databaseURL\":\"https://aum-app.firebaseio.com\",\"storageBucket\":\"aum-app.appspot.com\",\"locationId\":\"europe-west\"}"}}
[debug] [2020-11-05T21:28:37.307Z] >>> HTTP REQUEST PATCH https://cloudfunctions.googleapis.com/v1/projects/aum-app/locations/us-central1/functions/rules_deploy {"updateMask":"sourceUploadUrl,name,labels,runtime,environmentVariables,httpsTrigger"} 
 {"sourceUploadUrl":"https://storage.googleapis.com/gcf-upload-us-central1-3703a3d5-bf11-4e0e-8218-fab890488a28/4827d7f7-e3bc-4eef-be92-7422206b0c47.zip?GoogleAccessId=service-144052208037@gcf-admin-robot.iam.gserviceaccount.com&Expires=1604613516&Signature=utrqAveyeZT06XUp%2F%2FT%2FpZKV%2FYHaG91vJliZgm6%2FFSDzhvNz4Gf%2By79mdF%2FT854nuN%2FWfml%2BDvegBo%2Fj8CTWATrx%2Bf6CNLfmRIp1Wh5LHXjdPQVi4YSXOobgoWjNeZltfkB5a7ljBHONZYxxP%2F%2BpAL1iY67ZJfxPGyD%2FLmkAPLJg2%2BAMa2aXTFzkY1aoUv9fiIJBkAwdm%2FD3dPnV1CzMLs1yfaWpzdMcv8dWAAMgCFLxnCMFe%2BshOeoeoS3zMBHl7eMWRWe%2Bo7ah7uAuLnjpJm8UvdZziyCTFmCbaxJtbWJSmbWLoc%2FmtFGMLKKnjub8wq25%2Bg%2BaPIsmHJfmKUJviw%3D%3D","name":"projects/aum-app/locations/us-central1/functions/rules_deploy","labels":{"deployment-tool":"cli-firebase"},"httpsTrigger":{},"runtime":"nodejs10","environmentVariables":{"FIREBASE_CONFIG":"{\"projectId\":\"aum-app\",\"databaseURL\":\"https://aum-app.firebaseio.com\",\"storageBucket\":\"aum-app.appspot.com\",\"locationId\":\"europe-west\"}"}}
[debug] [2020-11-05T21:28:38.298Z] <<< HTTP RESPONSE 200 {"content-type":"application/json; charset=UTF-8","vary":"X-Origin, Referer, Origin,Accept-Encoding","date":"Thu, 05 Nov 2020 21:28:38 GMT","server":"ESF","cache-control":"private","x-xss-protection":"0","x-frame-options":"SAMEORIGIN","x-content-type-options":"nosniff","alt-svc":"h3-Q050=\":443\"; ma=2592000,h3-29=\":443\"; ma=2592000,h3-T051=\":443\"; ma=2592000,h3-T050=\":443\"; ma=2592000,h3-Q046=\":443\"; ma=2592000,h3-Q043=\":443\"; ma=2592000,quic=\":443\"; ma=2592000; v=\"46,43\"","accept-ranges":"none","transfer-encoding":"chunked"}
[debug] [2020-11-05T21:28:38.308Z] <<< HTTP RESPONSE 200 {"content-type":"application/json; charset=UTF-8","vary":"X-Origin, Referer, Origin,Accept-Encoding","date":"Thu, 05 Nov 2020 21:28:38 GMT","server":"ESF","cache-control":"private","x-xss-protection":"0","x-frame-options":"SAMEORIGIN","x-content-type-options":"nosniff","alt-svc":"h3-Q050=\":443\"; ma=2592000,h3-29=\":443\"; ma=2592000,h3-T051=\":443\"; ma=2592000,h3-T050=\":443\"; ma=2592000,h3-Q046=\":443\"; ma=2592000,h3-Q043=\":443\"; ma=2592000,quic=\":443\"; ma=2592000; v=\"46,43\"","accept-ranges":"none","transfer-encoding":"chunked"}
[debug] [2020-11-05T21:28:38.309Z] <<< HTTP RESPONSE 200 {"content-type":"application/json; charset=UTF-8","vary":"X-Origin, Referer, Origin,Accept-Encoding","date":"Thu, 05 Nov 2020 21:28:38 GMT","server":"ESF","cache-control":"private","x-xss-protection":"0","x-frame-options":"SAMEORIGIN","x-content-type-options":"nosniff","alt-svc":"h3-Q050=\":443\"; ma=2592000,h3-29=\":443\"; ma=2592000,h3-T051=\":443\"; ma=2592000,h3-T050=\":443\"; ma=2592000,h3-Q046=\":443\"; ma=2592000,h3-Q043=\":443\"; ma=2592000,quic=\":443\"; ma=2592000; v=\"46,43\"","accept-ranges":"none","transfer-encoding":"chunked"}
[debug] [2020-11-05T21:28:38.310Z] <<< HTTP RESPONSE 200 {"content-type":"application/json; charset=UTF-8","vary":"X-Origin, Referer, Origin,Accept-Encoding","date":"Thu, 05 Nov 2020 21:28:38 GMT","server":"ESF","cache-control":"private","x-xss-protection":"0","x-frame-options":"SAMEORIGIN","x-content-type-options":"nosniff","alt-svc":"h3-Q050=\":443\"; ma=2592000,h3-29=\":443\"; ma=2592000,h3-T051=\":443\"; ma=2592000,h3-T050=\":443\"; ma=2592000,h3-Q046=\":443\"; ma=2592000,h3-Q043=\":443\"; ma=2592000,quic=\":443\"; ma=2592000; v=\"46,43\"","accept-ranges":"none","transfer-encoding":"chunked"}
[debug] [2020-11-05T21:28:38.311Z] <<< HTTP RESPONSE 200 {"content-type":"application/json; charset=UTF-8","vary":"X-Origin, Referer, Origin,Accept-Encoding","date":"Thu, 05 Nov 2020 21:28:38 GMT","server":"ESF","cache-control":"private","x-xss-protection":"0","x-frame-options":"SAMEORIGIN","x-content-type-options":"nosniff","alt-svc":"h3-Q050=\":443\"; ma=2592000,h3-29=\":443\"; ma=2592000,h3-T051=\":443\"; ma=2592000,h3-T050=\":443\"; ma=2592000,h3-Q046=\":443\"; ma=2592000,h3-Q043=\":443\"; ma=2592000,quic=\":443\"; ma=2592000; v=\"46,43\"","accept-ranges":"none","transfer-encoding":"chunked"}
[debug] [2020-11-05T21:28:38.314Z] <<< HTTP RESPONSE 200 {"content-type":"application/json; charset=UTF-8","vary":"X-Origin, Referer, Origin,Accept-Encoding","date":"Thu, 05 Nov 2020 21:28:38 GMT","server":"ESF","cache-control":"private","x-xss-protection":"0","x-frame-options":"SAMEORIGIN","x-content-type-options":"nosniff","alt-svc":"h3-Q050=\":443\"; ma=2592000,h3-29=\":443\"; ma=2592000,h3-T051=\":443\"; ma=2592000,h3-T050=\":443\"; ma=2592000,h3-Q046=\":443\"; ma=2592000,h3-Q043=\":443\"; ma=2592000,quic=\":443\"; ma=2592000; v=\"46,43\"","accept-ranges":"none","transfer-encoding":"chunked"}
[debug] [2020-11-05T21:28:38.410Z] <<< HTTP RESPONSE 200 {"content-type":"application/json; charset=UTF-8","vary":"X-Origin, Referer, Origin,Accept-Encoding","date":"Thu, 05 Nov 2020 21:28:38 GMT","server":"ESF","cache-control":"private","x-xss-protection":"0","x-frame-options":"SAMEORIGIN","x-content-type-options":"nosniff","alt-svc":"h3-Q050=\":443\"; ma=2592000,h3-29=\":443\"; ma=2592000,h3-T051=\":443\"; ma=2592000,h3-T050=\":443\"; ma=2592000,h3-Q046=\":443\"; ma=2592000,h3-Q043=\":443\"; ma=2592000,quic=\":443\"; ma=2592000; v=\"46,43\"","accept-ranges":"none","transfer-encoding":"chunked"}
[debug] [2020-11-05T21:28:38.418Z] <<< HTTP RESPONSE 200 {"content-type":"application/json; charset=UTF-8","vary":"X-Origin, Referer, Origin,Accept-Encoding","date":"Thu, 05 Nov 2020 21:28:38 GMT","server":"ESF","cache-control":"private","x-xss-protection":"0","x-frame-options":"SAMEORIGIN","x-content-type-options":"nosniff","alt-svc":"h3-Q050=\":443\"; ma=2592000,h3-29=\":443\"; ma=2592000,h3-T051=\":443\"; ma=2592000,h3-T050=\":443\"; ma=2592000,h3-Q046=\":443\"; ma=2592000,h3-Q043=\":443\"; ma=2592000,quic=\":443\"; ma=2592000; v=\"46,43\"","accept-ranges":"none","transfer-encoding":"chunked"}
[debug] [2020-11-05T21:28:38.423Z] >>> HTTP REQUEST GET https://cloudfunctions.googleapis.com/v1/projects/aum-app/locations/-/functions  
 
[debug] [2020-11-05T21:28:39.079Z] <<< HTTP RESPONSE 200 {"content-type":"application/json; charset=UTF-8","vary":"X-Origin, Referer, Origin,Accept-Encoding","date":"Thu, 05 Nov 2020 21:28:39 GMT","server":"ESF","cache-control":"private","x-xss-protection":"0","x-frame-options":"SAMEORIGIN","x-content-type-options":"nosniff","alt-svc":"h3-Q050=\":443\"; ma=2592000,h3-29=\":443\"; ma=2592000,h3-T051=\":443\"; ma=2592000,h3-T050=\":443\"; ma=2592000,h3-Q046=\":443\"; ma=2592000,h3-Q043=\":443\"; ma=2592000,quic=\":443\"; ma=2592000; v=\"46,43\"","accept-ranges":"none","transfer-encoding":"chunked"}
[debug] [2020-11-05T21:28:39.082Z] >>> HTTP REQUEST GET https://cloudfunctions.googleapis.com/v1/operations/YXVtLWFwcC91cy1jZW50cmFsMS9oYW5kbGVfdXNlcl9hc2FuYV9pbWdfdXBsb2FkLzc5ZV92QU5tMTcw  
 
[debug] [2020-11-05T21:28:39.082Z] >>> HTTP REQUEST GET https://cloudfunctions.googleapis.com/v1/operations/YXVtLWFwcC91cy1jZW50cmFsMS9jcmVhdGVfdXNlci8xMDc1NWx3ZHRFNA  
 
[debug] [2020-11-05T21:28:39.083Z] >>> HTTP REQUEST GET https://cloudfunctions.googleapis.com/v1/operations/YXVtLWFwcC91cy1jZW50cmFsMS9nZXRfcHJhY3RpY2VfcHJldmlldy9iWVFUTDhOSTFxRQ  
 
[debug] [2020-11-05T21:28:39.083Z] >>> HTTP REQUEST GET https://cloudfunctions.googleapis.com/v1/operations/YXVtLWFwcC91cy1jZW50cmFsMS9nZXRfYXNhbmFfcXVldWUvZUtickpqbFBNZ3M  
 
[debug] [2020-11-05T21:28:39.084Z] >>> HTTP REQUEST GET https://cloudfunctions.googleapis.com/v1/operations/YXVtLWFwcC91cy1jZW50cmFsMS9hZGRfc2Vzc2lvbl9yZXN1bHQvSER4aktCLVF2dFU  
 
[debug] [2020-11-05T21:28:39.084Z] >>> HTTP REQUEST GET https://cloudfunctions.googleapis.com/v1/operations/YXVtLWFwcC91cy1jZW50cmFsMS9nZXRfdXNlci9MM2p5MDlEdUp6NA  
 
[debug] [2020-11-05T21:28:39.084Z] >>> HTTP REQUEST GET https://cloudfunctions.googleapis.com/v1/operations/YXVtLWFwcC91cy1jZW50cmFsMS91cGRhdGVfdXNlci9sa2V5NDc4SHp0SQ  
 
[debug] [2020-11-05T21:28:39.084Z] >>> HTTP REQUEST GET https://cloudfunctions.googleapis.com/v1/operations/YXVtLWFwcC91cy1jZW50cmFsMS9ydWxlc19kZXBsb3kvZDhjQ2JJV1pfNTQ  
 
[debug] [2020-11-05T21:28:39.604Z] <<< HTTP RESPONSE 200 {"content-type":"application/json; charset=UTF-8","vary":"X-Origin, Referer, Origin,Accept-Encoding","date":"Thu, 05 Nov 2020 21:28:39 GMT","server":"ESF","cache-control":"private","x-xss-protection":"0","x-frame-options":"SAMEORIGIN","x-content-type-options":"nosniff","alt-svc":"h3-Q050=\":443\"; ma=2592000,h3-29=\":443\"; ma=2592000,h3-T051=\":443\"; ma=2592000,h3-T050=\":443\"; ma=2592000,h3-Q046=\":443\"; ma=2592000,h3-Q043=\":443\"; ma=2592000,quic=\":443\"; ma=2592000; v=\"46,43\"","accept-ranges":"none","transfer-encoding":"chunked"}
[debug] [2020-11-05T21:28:39.749Z] <<< HTTP RESPONSE 200 {"content-type":"application/json; charset=UTF-8","vary":"X-Origin, Referer, Origin,Accept-Encoding","date":"Thu, 05 Nov 2020 21:28:39 GMT","server":"ESF","cache-control":"private","x-xss-protection":"0","x-frame-options":"SAMEORIGIN","x-content-type-options":"nosniff","alt-svc":"h3-Q050=\":443\"; ma=2592000,h3-29=\":443\"; ma=2592000,h3-T051=\":443\"; ma=2592000,h3-T050=\":443\"; ma=2592000,h3-Q046=\":443\"; ma=2592000,h3-Q043=\":443\"; ma=2592000,quic=\":443\"; ma=2592000; v=\"46,43\"","accept-ranges":"none","transfer-encoding":"chunked"}
[debug] [2020-11-05T21:28:39.750Z] <<< HTTP RESPONSE 200 {"content-type":"application/json; charset=UTF-8","vary":"X-Origin, Referer, Origin,Accept-Encoding","date":"Thu, 05 Nov 2020 21:28:39 GMT","server":"ESF","cache-control":"private","x-xss-protection":"0","x-frame-options":"SAMEORIGIN","x-content-type-options":"nosniff","alt-svc":"h3-Q050=\":443\"; ma=2592000,h3-29=\":443\"; ma=2592000,h3-T051=\":443\"; ma=2592000,h3-T050=\":443\"; ma=2592000,h3-Q046=\":443\"; ma=2592000,h3-Q043=\":443\"; ma=2592000,quic=\":443\"; ma=2592000; v=\"46,43\"","accept-ranges":"none","transfer-encoding":"chunked"}
[debug] [2020-11-05T21:28:39.752Z] <<< HTTP RESPONSE 200 {"content-type":"application/json; charset=UTF-8","vary":"X-Origin, Referer, Origin,Accept-Encoding","date":"Thu, 05 Nov 2020 21:28:39 GMT","server":"ESF","cache-control":"private","x-xss-protection":"0","x-frame-options":"SAMEORIGIN","x-content-type-options":"nosniff","alt-svc":"h3-Q050=\":443\"; ma=2592000,h3-29=\":443\"; ma=2592000,h3-T051=\":443\"; ma=2592000,h3-T050=\":443\"; ma=2592000,h3-Q046=\":443\"; ma=2592000,h3-Q043=\":443\"; ma=2592000,quic=\":443\"; ma=2592000; v=\"46,43\"","accept-ranges":"none","transfer-encoding":"chunked"}
[debug] [2020-11-05T21:28:39.757Z] <<< HTTP RESPONSE 200 {"content-type":"application/json; charset=UTF-8","vary":"X-Origin, Referer, Origin,Accept-Encoding","date":"Thu, 05 Nov 2020 21:28:39 GMT","server":"ESF","cache-control":"private","x-xss-protection":"0","x-frame-options":"SAMEORIGIN","x-content-type-options":"nosniff","alt-svc":"h3-Q050=\":443\"; ma=2592000,h3-29=\":443\"; ma=2592000,h3-T051=\":443\"; ma=2592000,h3-T050=\":443\"; ma=2592000,h3-Q046=\":443\"; ma=2592000,h3-Q043=\":443\"; ma=2592000,quic=\":443\"; ma=2592000; v=\"46,43\"","accept-ranges":"none","transfer-encoding":"chunked"}
[debug] [2020-11-05T21:28:39.762Z] <<< HTTP RESPONSE 200 {"content-type":"application/json; charset=UTF-8","vary":"X-Origin, Referer, Origin,Accept-Encoding","date":"Thu, 05 Nov 2020 21:28:39 GMT","server":"ESF","cache-control":"private","x-xss-protection":"0","x-frame-options":"SAMEORIGIN","x-content-type-options":"nosniff","alt-svc":"h3-Q050=\":443\"; ma=2592000,h3-29=\":443\"; ma=2592000,h3-T051=\":443\"; ma=2592000,h3-T050=\":443\"; ma=2592000,h3-Q046=\":443\"; ma=2592000,h3-Q043=\":443\"; ma=2592000,quic=\":443\"; ma=2592000; v=\"46,43\"","accept-ranges":"none","transfer-encoding":"chunked"}
[debug] [2020-11-05T21:28:39.767Z] <<< HTTP RESPONSE 200 {"content-type":"application/json; charset=UTF-8","vary":"X-Origin, Referer, Origin,Accept-Encoding","date":"Thu, 05 Nov 2020 21:28:39 GMT","server":"ESF","cache-control":"private","x-xss-protection":"0","x-frame-options":"SAMEORIGIN","x-content-type-options":"nosniff","alt-svc":"h3-Q050=\":443\"; ma=2592000,h3-29=\":443\"; ma=2592000,h3-T051=\":443\"; ma=2592000,h3-T050=\":443\"; ma=2592000,h3-Q046=\":443\"; ma=2592000,h3-Q043=\":443\"; ma=2592000,quic=\":443\"; ma=2592000; v=\"46,43\"","accept-ranges":"none","transfer-encoding":"chunked"}
[debug] [2020-11-05T21:28:39.780Z] <<< HTTP RESPONSE 200 {"content-type":"application/json; charset=UTF-8","vary":"X-Origin, Referer, Origin,Accept-Encoding","date":"Thu, 05 Nov 2020 21:28:39 GMT","server":"ESF","cache-control":"private","x-xss-protection":"0","x-frame-options":"SAMEORIGIN","x-content-type-options":"nosniff","alt-svc":"h3-Q050=\":443\"; ma=2592000,h3-29=\":443\"; ma=2592000,h3-T051=\":443\"; ma=2592000,h3-T050=\":443\"; ma=2592000,h3-Q046=\":443\"; ma=2592000,h3-Q043=\":443\"; ma=2592000,quic=\":443\"; ma=2592000; v=\"46,43\"","accept-ranges":"none","transfer-encoding":"chunked"}
[debug] [2020-11-05T21:28:41.607Z] >>> HTTP REQUEST GET https://cloudfunctions.googleapis.com/v1/operations/YXVtLWFwcC91cy1jZW50cmFsMS9nZXRfcHJhY3RpY2VfcHJldmlldy9iWVFUTDhOSTFxRQ  
 
[debug] [2020-11-05T21:28:41.751Z] >>> HTTP REQUEST GET https://cloudfunctions.googleapis.com/v1/operations/YXVtLWFwcC91cy1jZW50cmFsMS9hZGRfc2Vzc2lvbl9yZXN1bHQvSER4aktCLVF2dFU  
 
[debug] [2020-11-05T21:28:41.751Z] >>> HTTP REQUEST GET https://cloudfunctions.googleapis.com/v1/operations/YXVtLWFwcC91cy1jZW50cmFsMS9nZXRfYXNhbmFfcXVldWUvZUtickpqbFBNZ3M  
 
[debug] [2020-11-05T21:28:41.756Z] >>> HTTP REQUEST GET https://cloudfunctions.googleapis.com/v1/operations/YXVtLWFwcC91cy1jZW50cmFsMS9nZXRfdXNlci9MM2p5MDlEdUp6NA  
 
[debug] [2020-11-05T21:28:41.758Z] >>> HTTP REQUEST GET https://cloudfunctions.googleapis.com/v1/operations/YXVtLWFwcC91cy1jZW50cmFsMS9jcmVhdGVfdXNlci8xMDc1NWx3ZHRFNA  
 
[debug] [2020-11-05T21:28:41.762Z] >>> HTTP REQUEST GET https://cloudfunctions.googleapis.com/v1/operations/YXVtLWFwcC91cy1jZW50cmFsMS9ydWxlc19kZXBsb3kvZDhjQ2JJV1pfNTQ  
 
[debug] [2020-11-05T21:28:41.768Z] >>> HTTP REQUEST GET https://cloudfunctions.googleapis.com/v1/operations/YXVtLWFwcC91cy1jZW50cmFsMS91cGRhdGVfdXNlci9sa2V5NDc4SHp0SQ  
 
[debug] [2020-11-05T21:28:41.781Z] >>> HTTP REQUEST GET https://cloudfunctions.googleapis.com/v1/operations/YXVtLWFwcC91cy1jZW50cmFsMS9oYW5kbGVfdXNlcl9hc2FuYV9pbWdfdXBsb2FkLzc5ZV92QU5tMTcw  
 
[debug] [2020-11-05T21:28:42.067Z] <<< HTTP RESPONSE 200 {"content-type":"application/json; charset=UTF-8","vary":"X-Origin, Referer, Origin,Accept-Encoding","date":"Thu, 05 Nov 2020 21:28:42 GMT","server":"ESF","cache-control":"private","x-xss-protection":"0","x-frame-options":"SAMEORIGIN","x-content-type-options":"nosniff","alt-svc":"h3-Q050=\":443\"; ma=2592000,h3-29=\":443\"; ma=2592000,h3-T051=\":443\"; ma=2592000,h3-T050=\":443\"; ma=2592000,h3-Q046=\":443\"; ma=2592000,h3-Q043=\":443\"; ma=2592000,quic=\":443\"; ma=2592000; v=\"46,43\"","accept-ranges":"none","transfer-encoding":"chunked"}
[debug] [2020-11-05T21:28:42.120Z] <<< HTTP RESPONSE 200 {"content-type":"application/json; charset=UTF-8","vary":"X-Origin, Referer, Origin,Accept-Encoding","date":"Thu, 05 Nov 2020 21:28:42 GMT","server":"ESF","cache-control":"private","x-xss-protection":"0","x-frame-options":"SAMEORIGIN","x-content-type-options":"nosniff","alt-svc":"h3-Q050=\":443\"; ma=2592000,h3-29=\":443\"; ma=2592000,h3-T051=\":443\"; ma=2592000,h3-T050=\":443\"; ma=2592000,h3-Q046=\":443\"; ma=2592000,h3-Q043=\":443\"; ma=2592000,quic=\":443\"; ma=2592000; v=\"46,43\"","accept-ranges":"none","transfer-encoding":"chunked"}
[debug] [2020-11-05T21:28:42.274Z] <<< HTTP RESPONSE 200 {"content-type":"application/json; charset=UTF-8","vary":"X-Origin, Referer, Origin,Accept-Encoding","date":"Thu, 05 Nov 2020 21:28:42 GMT","server":"ESF","cache-control":"private","x-xss-protection":"0","x-frame-options":"SAMEORIGIN","x-content-type-options":"nosniff","alt-svc":"h3-Q050=\":443\"; ma=2592000,h3-29=\":443\"; ma=2592000,h3-T051=\":443\"; ma=2592000,h3-T050=\":443\"; ma=2592000,h3-Q046=\":443\"; ma=2592000,h3-Q043=\":443\"; ma=2592000,quic=\":443\"; ma=2592000; v=\"46,43\"","accept-ranges":"none","transfer-encoding":"chunked"}
[debug] [2020-11-05T21:28:42.276Z] <<< HTTP RESPONSE 200 {"content-type":"application/json; charset=UTF-8","vary":"X-Origin, Referer, Origin,Accept-Encoding","date":"Thu, 05 Nov 2020 21:28:42 GMT","server":"ESF","cache-control":"private","x-xss-protection":"0","x-frame-options":"SAMEORIGIN","x-content-type-options":"nosniff","alt-svc":"h3-Q050=\":443\"; ma=2592000,h3-29=\":443\"; ma=2592000,h3-T051=\":443\"; ma=2592000,h3-T050=\":443\"; ma=2592000,h3-Q046=\":443\"; ma=2592000,h3-Q043=\":443\"; ma=2592000,quic=\":443\"; ma=2592000; v=\"46,43\"","accept-ranges":"none","transfer-encoding":"chunked"}
[debug] [2020-11-05T21:28:42.279Z] <<< HTTP RESPONSE 200 {"content-type":"application/json; charset=UTF-8","vary":"X-Origin, Referer, Origin,Accept-Encoding","date":"Thu, 05 Nov 2020 21:28:42 GMT","server":"ESF","cache-control":"private","x-xss-protection":"0","x-frame-options":"SAMEORIGIN","x-content-type-options":"nosniff","alt-svc":"h3-Q050=\":443\"; ma=2592000,h3-29=\":443\"; ma=2592000,h3-T051=\":443\"; ma=2592000,h3-T050=\":443\"; ma=2592000,h3-Q046=\":443\"; ma=2592000,h3-Q043=\":443\"; ma=2592000,quic=\":443\"; ma=2592000; v=\"46,43\"","accept-ranges":"none","transfer-encoding":"chunked"}
[debug] [2020-11-05T21:28:42.280Z] <<< HTTP RESPONSE 200 {"content-type":"application/json; charset=UTF-8","vary":"X-Origin, Referer, Origin,Accept-Encoding","date":"Thu, 05 Nov 2020 21:28:42 GMT","server":"ESF","cache-control":"private","x-xss-protection":"0","x-frame-options":"SAMEORIGIN","x-content-type-options":"nosniff","alt-svc":"h3-Q050=\":443\"; ma=2592000,h3-29=\":443\"; ma=2592000,h3-T051=\":443\"; ma=2592000,h3-T050=\":443\"; ma=2592000,h3-Q046=\":443\"; ma=2592000,h3-Q043=\":443\"; ma=2592000,quic=\":443\"; ma=2592000; v=\"46,43\"","accept-ranges":"none","transfer-encoding":"chunked"}
[debug] [2020-11-05T21:28:42.288Z] <<< HTTP RESPONSE 200 {"content-type":"application/json; charset=UTF-8","vary":"X-Origin, Referer, Origin,Accept-Encoding","date":"Thu, 05 Nov 2020 21:28:42 GMT","server":"ESF","cache-control":"private","x-xss-protection":"0","x-frame-options":"SAMEORIGIN","x-content-type-options":"nosniff","alt-svc":"h3-Q050=\":443\"; ma=2592000,h3-29=\":443\"; ma=2592000,h3-T051=\":443\"; ma=2592000,h3-T050=\":443\"; ma=2592000,h3-Q046=\":443\"; ma=2592000,h3-Q043=\":443\"; ma=2592000,quic=\":443\"; ma=2592000; v=\"46,43\"","accept-ranges":"none","transfer-encoding":"chunked"}
[debug] [2020-11-05T21:28:42.300Z] <<< HTTP RESPONSE 200 {"content-type":"application/json; charset=UTF-8","vary":"X-Origin, Referer, Origin,Accept-Encoding","date":"Thu, 05 Nov 2020 21:28:42 GMT","server":"ESF","cache-control":"private","x-xss-protection":"0","x-frame-options":"SAMEORIGIN","x-content-type-options":"nosniff","alt-svc":"h3-Q050=\":443\"; ma=2592000,h3-29=\":443\"; ma=2592000,h3-T051=\":443\"; ma=2592000,h3-T050=\":443\"; ma=2592000,h3-Q046=\":443\"; ma=2592000,h3-Q043=\":443\"; ma=2592000,quic=\":443\"; ma=2592000; v=\"46,43\"","accept-ranges":"none","transfer-encoding":"chunked"}
[debug] [2020-11-05T21:28:44.070Z] >>> HTTP REQUEST GET https://cloudfunctions.googleapis.com/v1/operations/YXVtLWFwcC91cy1jZW50cmFsMS9nZXRfcHJhY3RpY2VfcHJldmlldy9iWVFUTDhOSTFxRQ  
 
[debug] [2020-11-05T21:28:44.121Z] >>> HTTP REQUEST GET https://cloudfunctions.googleapis.com/v1/operations/YXVtLWFwcC91cy1jZW50cmFsMS9jcmVhdGVfdXNlci8xMDc1NWx3ZHRFNA  
 
[debug] [2020-11-05T21:28:44.279Z] >>> HTTP REQUEST GET https://cloudfunctions.googleapis.com/v1/operations/YXVtLWFwcC91cy1jZW50cmFsMS9hZGRfc2Vzc2lvbl9yZXN1bHQvSER4aktCLVF2dFU  
 
[debug] [2020-11-05T21:28:44.279Z] >>> HTTP REQUEST GET https://cloudfunctions.googleapis.com/v1/operations/YXVtLWFwcC91cy1jZW50cmFsMS9nZXRfYXNhbmFfcXVldWUvZUtickpqbFBNZ3M  
 
[debug] [2020-11-05T21:28:44.282Z] >>> HTTP REQUEST GET https://cloudfunctions.googleapis.com/v1/operations/YXVtLWFwcC91cy1jZW50cmFsMS91cGRhdGVfdXNlci9sa2V5NDc4SHp0SQ  
 
[debug] [2020-11-05T21:28:44.283Z] >>> HTTP REQUEST GET https://cloudfunctions.googleapis.com/v1/operations/YXVtLWFwcC91cy1jZW50cmFsMS9oYW5kbGVfdXNlcl9hc2FuYV9pbWdfdXBsb2FkLzc5ZV92QU5tMTcw  
 
[debug] [2020-11-05T21:28:44.289Z] >>> HTTP REQUEST GET https://cloudfunctions.googleapis.com/v1/operations/YXVtLWFwcC91cy1jZW50cmFsMS9ydWxlc19kZXBsb3kvZDhjQ2JJV1pfNTQ  
 
[debug] [2020-11-05T21:28:44.301Z] >>> HTTP REQUEST GET https://cloudfunctions.googleapis.com/v1/operations/YXVtLWFwcC91cy1jZW50cmFsMS9nZXRfdXNlci9MM2p5MDlEdUp6NA  
 
[debug] [2020-11-05T21:28:44.403Z] <<< HTTP RESPONSE 200 {"content-type":"application/json; charset=UTF-8","vary":"X-Origin, Referer, Origin,Accept-Encoding","date":"Thu, 05 Nov 2020 21:28:44 GMT","server":"ESF","cache-control":"private","x-xss-protection":"0","x-frame-options":"SAMEORIGIN","x-content-type-options":"nosniff","alt-svc":"h3-Q050=\":443\"; ma=2592000,h3-29=\":443\"; ma=2592000,h3-T051=\":443\"; ma=2592000,h3-T050=\":443\"; ma=2592000,h3-Q046=\":443\"; ma=2592000,h3-Q043=\":443\"; ma=2592000,quic=\":443\"; ma=2592000; v=\"46,43\"","accept-ranges":"none","transfer-encoding":"chunked"}
[debug] [2020-11-05T21:28:44.435Z] <<< HTTP RESPONSE 200 {"content-type":"application/json; charset=UTF-8","vary":"X-Origin, Referer, Origin,Accept-Encoding","date":"Thu, 05 Nov 2020 21:28:44 GMT","server":"ESF","cache-control":"private","x-xss-protection":"0","x-frame-options":"SAMEORIGIN","x-content-type-options":"nosniff","alt-svc":"h3-Q050=\":443\"; ma=2592000,h3-29=\":443\"; ma=2592000,h3-T051=\":443\"; ma=2592000,h3-T050=\":443\"; ma=2592000,h3-Q046=\":443\"; ma=2592000,h3-Q043=\":443\"; ma=2592000,quic=\":443\"; ma=2592000; v=\"46,43\"","accept-ranges":"none","transfer-encoding":"chunked"}
[debug] [2020-11-05T21:28:44.737Z] <<< HTTP RESPONSE 200 {"content-type":"application/json; charset=UTF-8","vary":"X-Origin, Referer, Origin,Accept-Encoding","date":"Thu, 05 Nov 2020 21:28:44 GMT","server":"ESF","cache-control":"private","x-xss-protection":"0","x-frame-options":"SAMEORIGIN","x-content-type-options":"nosniff","alt-svc":"h3-Q050=\":443\"; ma=2592000,h3-29=\":443\"; ma=2592000,h3-T051=\":443\"; ma=2592000,h3-T050=\":443\"; ma=2592000,h3-Q046=\":443\"; ma=2592000,h3-Q043=\":443\"; ma=2592000,quic=\":443\"; ma=2592000; v=\"46,43\"","accept-ranges":"none","transfer-encoding":"chunked"}
[debug] [2020-11-05T21:28:44.746Z] <<< HTTP RESPONSE 200 {"content-type":"application/json; charset=UTF-8","vary":"X-Origin, Referer, Origin,Accept-Encoding","date":"Thu, 05 Nov 2020 21:28:44 GMT","server":"ESF","cache-control":"private","x-xss-protection":"0","x-frame-options":"SAMEORIGIN","x-content-type-options":"nosniff","alt-svc":"h3-Q050=\":443\"; ma=2592000,h3-29=\":443\"; ma=2592000,h3-T051=\":443\"; ma=2592000,h3-T050=\":443\"; ma=2592000,h3-Q046=\":443\"; ma=2592000,h3-Q043=\":443\"; ma=2592000,quic=\":443\"; ma=2592000; v=\"46,43\"","accept-ranges":"none","transfer-encoding":"chunked"}
[debug] [2020-11-05T21:28:44.754Z] <<< HTTP RESPONSE 200 {"content-type":"application/json; charset=UTF-8","vary":"X-Origin, Referer, Origin,Accept-Encoding","date":"Thu, 05 Nov 2020 21:28:44 GMT","server":"ESF","cache-control":"private","x-xss-protection":"0","x-frame-options":"SAMEORIGIN","x-content-type-options":"nosniff","alt-svc":"h3-Q050=\":443\"; ma=2592000,h3-29=\":443\"; ma=2592000,h3-T051=\":443\"; ma=2592000,h3-T050=\":443\"; ma=2592000,h3-Q046=\":443\"; ma=2592000,h3-Q043=\":443\"; ma=2592000,quic=\":443\"; ma=2592000; v=\"46,43\"","accept-ranges":"none","transfer-encoding":"chunked"}
[debug] [2020-11-05T21:28:44.764Z] <<< HTTP RESPONSE 200 {"content-type":"application/json; charset=UTF-8","vary":"X-Origin, Referer, Origin,Accept-Encoding","date":"Thu, 05 Nov 2020 21:28:44 GMT","server":"ESF","cache-control":"private","x-xss-protection":"0","x-frame-options":"SAMEORIGIN","x-content-type-options":"nosniff","alt-svc":"h3-Q050=\":443\"; ma=2592000,h3-29=\":443\"; ma=2592000,h3-T051=\":443\"; ma=2592000,h3-T050=\":443\"; ma=2592000,h3-Q046=\":443\"; ma=2592000,h3-Q043=\":443\"; ma=2592000,quic=\":443\"; ma=2592000; v=\"46,43\"","accept-ranges":"none","transfer-encoding":"chunked"}
[debug] [2020-11-05T21:28:44.765Z] <<< HTTP RESPONSE 200 {"content-type":"application/json; charset=UTF-8","vary":"X-Origin, Referer, Origin,Accept-Encoding","date":"Thu, 05 Nov 2020 21:28:44 GMT","server":"ESF","cache-control":"private","x-xss-protection":"0","x-frame-options":"SAMEORIGIN","x-content-type-options":"nosniff","alt-svc":"h3-Q050=\":443\"; ma=2592000,h3-29=\":443\"; ma=2592000,h3-T051=\":443\"; ma=2592000,h3-T050=\":443\"; ma=2592000,h3-Q046=\":443\"; ma=2592000,h3-Q043=\":443\"; ma=2592000,quic=\":443\"; ma=2592000; v=\"46,43\"","accept-ranges":"none","transfer-encoding":"chunked"}
[debug] [2020-11-05T21:28:44.766Z] <<< HTTP RESPONSE 200 {"content-type":"application/json; charset=UTF-8","vary":"X-Origin, Referer, Origin,Accept-Encoding","date":"Thu, 05 Nov 2020 21:28:44 GMT","server":"ESF","cache-control":"private","x-xss-protection":"0","x-frame-options":"SAMEORIGIN","x-content-type-options":"nosniff","alt-svc":"h3-Q050=\":443\"; ma=2592000,h3-29=\":443\"; ma=2592000,h3-T051=\":443\"; ma=2592000,h3-T050=\":443\"; ma=2592000,h3-Q046=\":443\"; ma=2592000,h3-Q043=\":443\"; ma=2592000,quic=\":443\"; ma=2592000; v=\"46,43\"","accept-ranges":"none","transfer-encoding":"chunked"}
